<?xml version="1.0" encoding="UTF-8"?>
<!-- Generated by org.testng.reporters.JUnitReportReporter -->
<testsuite skipped="0" hostname="CDC2-D-CFMTXJ2" name="demo.action" tests="1" failures="0" timestamp="18 Sep 2019 04:27:33 GMT" time="11.238" errors="0">
  <testcase name="f" time="11.238" classname="demo.action"/>
</testsuite> <!-- demo.action -->
