<?xml version="1.0" encoding="UTF-8"?>
<!-- Generated by org.testng.reporters.JUnitReportReporter -->
<testsuite skipped="0" hostname="CDC2-D-CFMTXJ2" name="test.LoginPageUsingPageFactoryDemoNew" tests="1" failures="0" timestamp="19 Sep 2019 06:21:56 GMT" time="136.164" errors="0">
  <testcase name="test" time="136.164" classname="test.LoginPageUsingPageFactoryDemoNew"/>
</testsuite> <!-- test.LoginPageUsingPageFactoryDemoNew -->
