<?xml version="1.0" encoding="UTF-8"?>
<!-- Generated by org.testng.reporters.JUnitReportReporter -->
<testsuite skipped="0" hostname="CDC2-D-CFMTXJ2" name="demo.javascr" tests="1" failures="0" timestamp="18 Sep 2019 05:53:15 GMT" time="1.708" errors="0">
  <testcase name="f" time="1.708" classname="demo.javascr"/>
</testsuite> <!-- demo.javascr -->
