<?xml version="1.0" encoding="UTF-8"?>
<!-- Generated by org.testng.reporters.JUnitReportReporter -->
<testsuite skipped="0" hostname="CDC2-D-CFMTXJ2" name="demo.fio" tests="1" failures="0" timestamp="19 Sep 2019 05:32:08 GMT" time="0.566" errors="0">
  <testcase name="f" time="0.566" classname="demo.fio"/>
</testsuite> <!-- demo.fio -->
