<?xml version="1.0" encoding="UTF-8"?>
<!-- Generated by org.testng.reporters.JUnitReportReporter -->
<testsuite skipped="0" hostname="CDC2-D-CFMTXJ2" name="demo.NewTest" tests="1" failures="0" timestamp="17 Sep 2019 06:27:04 GMT" time="1.675" errors="0">
  <testcase name="f" time="1.675" classname="demo.NewTest"/>
</testsuite> <!-- demo.NewTest -->
