<?xml version="1.0" encoding="UTF-8"?>
<!-- Generated by org.testng.reporters.JUnitReportReporter -->
<testsuite skipped="0" hostname="CDC2-D-CFMTXJ2" name="test.demo" tests="1" failures="0" timestamp="19 Sep 2019 05:55:06 GMT" time="17.162" errors="0">
  <testcase name="test" time="17.162" classname="test.demo"/>
</testsuite> <!-- test.demo -->
